<?xml version="1.0" encoding="UTF-8"?>
<!-- Generated by org.testng.reporters.JUnitXMLReporter -->
<testsuite ignored="0" hostname="DESKTOP-HK3C5GE" failures="0" tests="3" name="Default test" time="37.133" errors="0" timestamp="2022-01-20T18:08:19 GMT">
  <testcase classname="TestCases.SortingTest" name="validateSorting" time="6.791"/>
  <testcase classname="TestCases.SortingTest" name="validatedefaultsortoptions" time="3.434"/>
  <testcase classname="TestCases.SortingTest" name="validatesortoptionsAfterSearch" time="4.777"/>
</testsuite> <!-- Default test -->
