<?xml version="1.0" encoding="UTF-8"?>
<!-- Generated by org.testng.reporters.JUnitXMLReporter -->
<testsuite ignored="0" hostname="DESKTOP-HK3C5GE" failures="0" tests="3" name="Default test" time="42.494" errors="0" timestamp="2022-01-20T19:24:00 GMT">
  <testcase classname="TestCases.SortingTest" name="validateSorting" time="7.323"/>
  <testcase classname="TestCases.SortingTest" name="validatedefaultsortoptions" time="3.476"/>
  <testcase classname="TestCases.SortingTest" name="validatesortoptionsAfterSearch" time="4.334"/>
</testsuite> <!-- Default test -->
