<?xml version="1.0" encoding="UTF-8"?>
<!-- Generated by org.testng.reporters.JUnitXMLReporter -->
<testsuite ignored="0" hostname="DESKTOP-HK3C5GE" failures="0" tests="3" name="Test" time="41.413" errors="0" timestamp="2022-01-20T06:26:37 GMT">
  <testcase classname="TestCases.SortingTest" name="validateSorting" time="7.858"/>
  <testcase classname="TestCases.SortingTest" name="validatedefaultsortoptions" time="8.85"/>
  <testcase classname="TestCases.SortingTest" name="validatesortoptionsAfterSearch" time="4.406"/>
</testsuite> <!-- Test -->
