<?xml version="1.0" encoding="UTF-8"?>
<testng-results ignored="0" total="3" passed="3" failed="0" skipped="0">
  <reporter-output>
  </reporter-output>
  <suite started-at="2022-01-20T19:23:17 GMT" name="Default suite" finished-at="2022-01-20T19:24:00 GMT" duration-ms="42494">
    <groups>
    </groups>
    <test started-at="2022-01-20T19:23:17 GMT" name="Default test" finished-at="2022-01-20T19:24:00 GMT" duration-ms="42494">
      <class name="TestCases.SortingTest">
        <test-method is-config="true" signature="initialize()[pri:0, instance:TestCases.SortingTest@3d285d7e]" started-at="2022-01-20T19:23:18 GMT" name="initialize" finished-at="2022-01-20T19:23:26 GMT" duration-ms="8523" status="PASS">
          <reporter-output>
          </reporter-output>
        </test-method> <!-- initialize -->
        <test-method signature="validateSorting()[pri:0, instance:TestCases.SortingTest@3d285d7e]" started-at="2022-01-20T19:23:26 GMT" name="validateSorting" description="Validating Sorting Low to High &amp; High to Low" finished-at="2022-01-20T19:23:33 GMT" duration-ms="7323" status="PASS">
          <reporter-output>
          </reporter-output>
        </test-method> <!-- validateSorting -->
        <test-method is-config="true" signature="teardown()[pri:0, instance:TestCases.SortingTest@3d285d7e]" started-at="2022-01-20T19:23:33 GMT" name="teardown" finished-at="2022-01-20T19:23:34 GMT" duration-ms="849" status="PASS">
          <reporter-output>
          </reporter-output>
        </test-method> <!-- teardown -->
        <test-method is-config="true" signature="initialize()[pri:0, instance:TestCases.SortingTest@3d285d7e]" started-at="2022-01-20T19:23:34 GMT" name="initialize" finished-at="2022-01-20T19:23:44 GMT" duration-ms="9405" status="PASS">
          <reporter-output>
          </reporter-output>
        </test-method> <!-- initialize -->
        <test-method signature="validatedefaultsortoptions()[pri:1, instance:TestCases.SortingTest@3d285d7e]" started-at="2022-01-20T19:23:44 GMT" name="validatedefaultsortoptions" description="Validating default sorting option are present" finished-at="2022-01-20T19:23:47 GMT" duration-ms="3476" status="PASS">
          <reporter-output>
          </reporter-output>
        </test-method> <!-- validatedefaultsortoptions -->
        <test-method is-config="true" signature="teardown()[pri:0, instance:TestCases.SortingTest@3d285d7e]" started-at="2022-01-20T19:23:47 GMT" name="teardown" finished-at="2022-01-20T19:23:48 GMT" duration-ms="792" status="PASS">
          <reporter-output>
          </reporter-output>
        </test-method> <!-- teardown -->
        <test-method is-config="true" signature="initialize()[pri:0, instance:TestCases.SortingTest@3d285d7e]" started-at="2022-01-20T19:23:48 GMT" name="initialize" finished-at="2022-01-20T19:23:55 GMT" duration-ms="6892" status="PASS">
          <reporter-output>
          </reporter-output>
        </test-method> <!-- initialize -->
        <test-method signature="validatesortoptionsAfterSearch()[pri:1, instance:TestCases.SortingTest@3d285d7e]" started-at="2022-01-20T19:23:55 GMT" name="validatesortoptionsAfterSearch" description="Validating sort option after search" finished-at="2022-01-20T19:23:59 GMT" duration-ms="4334" status="PASS">
          <reporter-output>
          </reporter-output>
        </test-method> <!-- validatesortoptionsAfterSearch -->
        <test-method is-config="true" signature="teardown()[pri:0, instance:TestCases.SortingTest@3d285d7e]" started-at="2022-01-20T19:23:59 GMT" name="teardown" finished-at="2022-01-20T19:24:00 GMT" duration-ms="831" status="PASS">
          <reporter-output>
          </reporter-output>
        </test-method> <!-- teardown -->
      </class> <!-- TestCases.SortingTest -->
    </test> <!-- Default test -->
  </suite> <!-- Default suite -->
</testng-results>
